2023-04-03T09:09:23+00:00 DEBUG POST: https://business-api.tiktok.com/open_api/v1.2/tbp/business_profile/store/update/

{"business_platform":"WOO_COMMERCE","external_business_id":"tt4b_woocommerce_6424346d53990","net_gmv":[{"interval":"LIFETIME","max":190,"min":190,"unit":"CURRENCY"}],"net_order_count":[{"interval":"LIFETIME","max":1,"min":1,"unit":"COUNT"}],"tenure":{"min":3,"max":3,"unit":"DAYS"},"extra_data":"{\"version\":\"1.0.16\"}"}
 ajax: yes
2023-04-03T09:09:24+00:00 DEBUG Tt4b_Mapi_Class::mapi_post: Response: 

HTTP/1.1 200 OK
Server: nginx
Content-Type: application/json; charset=utf-8
Content-Length: 103
X-Api-Deprecation-Info: API for Business Version 1.3 is now live. To avoid disruption to your business, we recommend you migrate all calls to v1.3 as soon as possible. Please visit our migration guide for more details: https://ads.tiktok.com/marketing_api/docs?id=1740029169927169
X-Domain-Change-Info: We have moved to the new domain business-api.tiktok.com for API services after the Platform Upgrade on 09/30/2021. Please update all of your requests with the new domain if you haven't done so already. For more information, please visit https://ads.tiktok.com/marketing_api/docs?rid=esb88xalm6m&id=1709207085043713
X-Tt-Logid: 20230403090921C1C766933B662F024400
x-tt-trace-host: 01e69025ffdb6a1f4170cb5815fad733f9b88fbf9a0854489ba6275c283126ca38908f9ab0a54f248cd3784c76604bc031f579e61ec13272120dd651cb202346b56fd579fe258bb41bcae2067178e90acb05ad60e87226dbac04bbfcc2eab3974340e2d5e2fd7691ed81ef58b631c52d0c
X-Origin-Response-Time: 13,23.48.172.148
X-Akamai-Request-ID: 89d3d347.3a9116bf
Expires: Mon, 03 Apr 2023 09:09:22 GMT
Cache-Control: max-age=0, no-cache, no-store
Pragma: no-cache
Date: Mon, 03 Apr 2023 09:09:22 GMT
X-Cache: TCP_MISS from a96-16-87-50.deploy.akamaitechnologies.com (AkamaiGHost/11.0.2.2-47519392) (-)
Connection: close
X-Cache-Remote: TCP_MISS from a23-48-172-148.deploy.akamaitechnologies.com (AkamaiGHost/11.0.2.2-47519392) (-)
x-tt-trace-tag: id=16;cdn-cache=miss;type=dyn
Server-Timing: cdn-cache; desc=MISS, edge; dur=154, origin; dur=13
Server-Timing: inner; dur=6
X-Parent-Response-Time: 166,96.16.87.50

{"code":40104,"message":"The access_token is empty.","request_id":"20230403090921C1C766933B662F024400"}

