2023-03-31T08:53:22+00:00 DEBUG POST: https://business-api.tiktok.com/open_api/v1.2/tbp/business_profile/store/update/

{"business_platform":"WOO_COMMERCE","external_business_id":"tt4b_woocommerce_6424346d53990","net_gmv":[{"interval":"LIFETIME","max":190,"min":190,"unit":"CURRENCY"}],"net_order_count":[{"interval":"LIFETIME","max":1,"min":1,"unit":"COUNT"}],"tenure":{"min":0,"max":0,"unit":"DAYS"},"extra_data":"{\"version\":\"1.0.16\"}"}
 ajax: yes
2023-03-31T08:53:23+00:00 DEBUG Tt4b_Mapi_Class::mapi_post: Response: 

HTTP/1.1 200 OK
Server: nginx
Content-Type: application/json; charset=utf-8
Content-Length: 103
X-Api-Deprecation-Info: API for Business Version 1.3 is now live. To avoid disruption to your business, we recommend you migrate all calls to v1.3 as soon as possible. Please visit our migration guide for more details: https://ads.tiktok.com/marketing_api/docs?id=1740029169927169
X-Domain-Change-Info: We have moved to the new domain business-api.tiktok.com for API services after the Platform Upgrade on 09/30/2021. Please update all of your requests with the new domain if you haven't done so already. For more information, please visit https://ads.tiktok.com/marketing_api/docs?rid=esb88xalm6m&id=1709207085043713
X-Tt-Logid: 20230331085322DC64B4209C00EE000F21
x-tt-trace-host: 013096406e7b833d792b7c66e6382af8eecb3c64d19dc246c96fd1473a25b79e5b347879a384e4e4a4857475ebe3077221f26ab61072bdd885deba242b458b3fdb2ba278b8e7fe1a4793b9d9f3e5585975093f6bce5440fa56d5d4bc195237316248ff34e00f275a882d5d4e9c65d11ace
X-Origin-Response-Time: 7,23.193.104.223
X-Akamai-Request-ID: e7a7e4c.21285aaa
Expires: Fri, 31 Mar 2023 08:53:23 GMT
Cache-Control: max-age=0, no-cache, no-store
Pragma: no-cache
Date: Fri, 31 Mar 2023 08:53:23 GMT
X-Cache: TCP_MISS from a96-16-87-55.deploy.akamaitechnologies.com (AkamaiGHost/11.0.2.2-47519392) (-)
Connection: close
X-Cache-Remote: TCP_MISS from a23-193-104-223.deploy.akamaitechnologies.com (AkamaiGHost/11.0.2.2-47519392) (-)
x-tt-trace-tag: id=16;cdn-cache=miss;type=dyn
Server-Timing: cdn-cache; desc=MISS, edge; dur=155, origin; dur=7
Server-Timing: inner; dur=4
X-Parent-Response-Time: 162,96.16.87.55

{"code":40104,"message":"The access_token is empty.","request_id":"20230331085322DC64B4209C00EE000F21"}

